#
# There is insufficient memory for the Java Runtime Environment to continue.
# Native memory allocation (mmap) failed to map 65536 bytes for Failed to commit metaspace.
# Possible reasons:
#   The system is out of physical RAM or swap space
#   The process is running with CompressedOops enabled, and the Java Heap may be blocking the growth of the native heap
# Possible solutions:
#   Reduce memory load on the system
#   Increase physical memory or swap space
#   Check if swap backing store is full
#   Decrease Java heap size (-Xmx/-Xms)
#   Decrease number of Java threads
#   Decrease Java thread stack sizes (-Xss)
#   Set larger code cache with -XX:ReservedCodeCacheSize=
#   JVM is running with Unscaled Compressed Oops mode in which the Java heap is
#     placed in the first 4GB address space. The Java Heap base address is the
#     maximum limit for the native heap growth. Please use -XX:HeapBaseMinAddress
#     to set the Java Heap base and to place the Java Heap above 4GB virtual address.
# This output file may be truncated or incomplete.
#
#  Out of Memory Error (virtualSpaceNode.cpp:110), pid=4852, tid=7408
#
# JRE version: OpenJDK Runtime Environment Temurin-19.0.1+10 (19.0.1+10) (build 19.0.1+10)
# Java VM: OpenJDK 64-Bit Server VM Temurin-19.0.1+10 (19.0.1+10, mixed mode, tiered, compressed oops, compressed class ptrs, g1 gc, windows-amd64)
# No core dump will be written. Minidumps are not enabled by default on client versions of Windows
#

---------------  S U M M A R Y ------------

Command Line: -Dfile.encoding=UTF-8 -XX:+ShowCodeDetailsInExceptionMessages com.test.SMS_Operation

Host: Intel(R) Pentium(R) CPU  N3540  @ 2.16GHz, 4 cores, 1G,  Windows 10 , 64 bit Build 19041 (10.0.19041.2546)
Time: Mon Feb 27 16:22:58 2023 India Standard Time elapsed time: 15.466884 seconds (0d 0h 0m 15s)

---------------  T H R E A D  ---------------

Current thread (0x00000209b774b200):  JavaThread "main" [_thread_in_vm, id=7408, stack(0x0000001c9f700000,0x0000001c9f800000)]

Stack: [0x0000001c9f700000,0x0000001c9f800000]
Native frames: (J=compiled Java code, j=interpreted, Vv=VM code, C=native code)
V  [jvm.dll+0x6eb29a]
V  [jvm.dll+0x8a4e60]
V  [jvm.dll+0x8a684e]
V  [jvm.dll+0x8a6f03]
V  [jvm.dll+0x27c07f]
V  [jvm.dll+0x8a0a2b]
V  [jvm.dll+0x68e8d6]
V  [jvm.dll+0x1eb77e]
V  [jvm.dll+0x6912eb]
V  [jvm.dll+0x6910ee]
V  [jvm.dll+0x68f2de]
V  [jvm.dll+0x2685d0]
V  [jvm.dll+0x217bdd]
V  [jvm.dll+0x20d5c1]
V  [jvm.dll+0x5a5395]
V  [jvm.dll+0x21e5c7]
V  [jvm.dll+0x81a03d]
V  [jvm.dll+0x81b446]
V  [jvm.dll+0x81bbd1]
V  [jvm.dll+0x218434]
V  [jvm.dll+0x20d5da]
V  [jvm.dll+0x5a5395]
V  [jvm.dll+0x21e5c7]
V  [jvm.dll+0x81a03d]
V  [jvm.dll+0x81b446]
V  [jvm.dll+0x81b778]
V  [jvm.dll+0x26ae46]
V  [jvm.dll+0x3d5a0e]
C  0x00000209c25dd052

Java frames: (J=compiled Java code, j=interpreted, Vv=VM code)
j  java.util.stream.ForEachOps.makeRef(Ljava/util/function/Consumer;Z)Ljava/util/stream/TerminalOp;+5 java.base@19.0.1
j  java.util.stream.ReferencePipeline.forEach(Ljava/util/function/Consumer;)V+3 java.base@19.0.1
j  com.mysql.cj.conf.ConnectionUrl.collectHostsInfo(Lcom/mysql/cj/conf/ConnectionUrlParser;)V+34
j  com.mysql.cj.conf.ConnectionUrl.<init>(Lcom/mysql/cj/conf/ConnectionUrlParser;Ljava/util/Properties;)V+62
j  com.mysql.cj.conf.url.SingleConnectionUrl.<init>(Lcom/mysql/cj/conf/ConnectionUrlParser;Ljava/util/Properties;)V+3
j  java.lang.invoke.DirectMethodHandle$Holder.newInvokeSpecial(Ljava/lang/Object;Ljava/lang/Object;Ljava/lang/Object;)Ljava/lang/Object;+19 java.base@19.0.1
j  java.lang.invoke.LambdaForm$MH+0x0000000100088800.invoke(Ljava/lang/Object;Ljava/lang/Object;Ljava/lang/Object;)Ljava/lang/Object;+52 java.base@19.0.1
j  java.lang.invoke.Invokers$Holder.invokeExact_MT(Ljava/lang/Object;Ljava/lang/Object;Ljava/lang/Object;Ljava/lang/Object;)Ljava/lang/Object;+20 java.base@19.0.1
j  jdk.internal.reflect.DirectConstructorHandleAccessor.invokeImpl([Ljava/lang/Object;)Ljava/lang/Object;+73 java.base@19.0.1
j  jdk.internal.reflect.DirectConstructorHandleAccessor.newInstance([Ljava/lang/Object;)Ljava/lang/Object;+68 java.base@19.0.1
j  java.lang.reflect.Constructor.newInstanceWithCaller([Ljava/lang/Object;ZLjava/lang/Class;)Ljava/lang/Object;+41 java.base@19.0.1
j  java.lang.reflect.Constructor.newInstance([Ljava/lang/Object;)Ljava/lang/Object;+30 java.base@19.0.1
j  com.mysql.cj.util.Util.handleNewInstance(Ljava/lang/reflect/Constructor;[Ljava/lang/Object;Lcom/mysql/cj/exceptions/ExceptionInterceptor;)Ljava/lang/Object;+2
j  com.mysql.cj.util.Util.getInstance(Ljava/lang/String;[Ljava/lang/Class;[Ljava/lang/Object;Lcom/mysql/cj/exceptions/ExceptionInterceptor;Ljava/lang/String;)Ljava/lang/Object;+10
j  com.mysql.cj.util.Util.getInstance(Ljava/lang/String;[Ljava/lang/Class;[Ljava/lang/Object;Lcom/mysql/cj/exceptions/ExceptionInterceptor;)Ljava/lang/Object;+6
j  com.mysql.cj.conf.ConnectionUrl$Type.getImplementingInstance(Lcom/mysql/cj/conf/ConnectionUrlParser;Ljava/util/Properties;)Lcom/mysql/cj/conf/ConnectionUrl;+31
j  com.mysql.cj.conf.ConnectionUrl$Type.getConnectionUrlInstance(Lcom/mysql/cj/conf/ConnectionUrlParser;Ljava/util/Properties;)Lcom/mysql/cj/conf/ConnectionUrl;+167
j  com.mysql.cj.conf.ConnectionUrl.getConnectionUrlInstance(Ljava/lang/String;Ljava/util/Properties;)Lcom/mysql/cj/conf/ConnectionUrl;+102
j  com.mysql.cj.jdbc.NonRegisteringDriver.connect(Ljava/lang/String;Ljava/util/Properties;)Ljava/sql/Connection;+11
j  java.sql.DriverManager.getConnection(Ljava/lang/String;Ljava/util/Properties;Ljava/lang/Class;)Ljava/sql/Connection;+133 java.sql@19.0.1
j  java.sql.DriverManager.getConnection(Ljava/lang/String;Ljava/lang/String;Ljava/lang/String;)Ljava/sql/Connection;+37 java.sql@19.0.1
j  com.test.MysqlConnection.getConnection()Ljava/sql/Connection;+12
j  com.test.SMS_Operation.main([Ljava/lang/String;)V+639
v  ~StubRoutines::call_stub 0x00000209c25b1017

---------------  P R O C E S S  ---------------

Threads class SMR info:
_java_thread_list=0x00000209d1b34220, length=13, elements={
0x00000209b774b200, 0x00000209cd784860, 0x00000209cd787a80, 0x00000209cd79a4b0,
0x00000209cd79ade0, 0x00000209cd79b710, 0x00000209cd7b5f50, 0x00000209cd7b8630,
0x00000209cd78bcb0, 0x00000209cd78ce00, 0x00000209d1a407c0, 0x00000209d1a5d420,
0x00000209d1b38040
}

Java Threads: ( => current thread )
=>0x00000209b774b200 JavaThread "main" [_thread_in_vm, id=7408, stack(0x0000001c9f700000,0x0000001c9f800000)]
  0x00000209cd784860 JavaThread "Reference Handler" daemon [_thread_blocked, id=10640, stack(0x0000001c9fe00000,0x0000001c9ff00000)]
  0x00000209cd787a80 JavaThread "Finalizer" daemon [_thread_blocked, id=3512, stack(0x0000001c9ff00000,0x0000001ca0000000)]
  0x00000209cd79a4b0 JavaThread "Signal Dispatcher" daemon [_thread_blocked, id=5876, stack(0x0000001ca0000000,0x0000001ca0100000)]
  0x00000209cd79ade0 JavaThread "Attach Listener" daemon [_thread_blocked, id=4896, stack(0x0000001ca0100000,0x0000001ca0200000)]
  0x00000209cd79b710 JavaThread "Service Thread" daemon [_thread_blocked, id=8168, stack(0x0000001ca0200000,0x0000001ca0300000)]
  0x00000209cd7b5f50 JavaThread "Monitor Deflation Thread" daemon [_thread_blocked, id=7204, stack(0x0000001ca0300000,0x0000001ca0400000)]
  0x00000209cd7b8630 JavaThread "C2 CompilerThread0" daemon [_thread_in_native, id=5800, stack(0x0000001ca0400000,0x0000001ca0500000)]
  0x00000209cd78bcb0 JavaThread "C1 CompilerThread0" daemon [_thread_blocked, id=11796, stack(0x0000001ca0500000,0x0000001ca0600000)]
  0x00000209cd78ce00 JavaThread "Sweeper thread" daemon [_thread_blocked, id=6820, stack(0x0000001ca0600000,0x0000001ca0700000)]
  0x00000209d1a407c0 JavaThread "Notification Thread" daemon [_thread_blocked, id=6124, stack(0x0000001ca0700000,0x0000001ca0800000)]
  0x00000209d1a5d420 JavaThread "Common-Cleaner" daemon [_thread_blocked, id=244, stack(0x0000001ca0900000,0x0000001ca0a00000)]
  0x00000209d1b38040 JavaThread "mysql-cj-abandoned-connection-cleanup" daemon [_thread_blocked, id=8568, stack(0x0000001ca0a00000,0x0000001ca0b00000)]

Other Threads:
  0x00000209cd726060 VMThread "VM Thread" [stack: 0x0000001c9fd00000,0x0000001c9fe00000] [id=908]
  0x00000209b78161c0 WatcherThread "VM Periodic Task Thread" [stack: 0x0000001ca0800000,0x0000001ca0900000] [id=1696]
  0x00000209b777ddd0 WorkerThread "GC Thread#0" [stack: 0x0000001c9f800000,0x0000001c9f900000] [id=644]
  0x00000209b77832f0 ConcurrentGCThread "G1 Main Marker" [stack: 0x0000001c9f900000,0x0000001c9fa00000] [id=9080]
  0x00000209b7783d20 WorkerThread "G1 Conc#0" [stack: 0x0000001c9fa00000,0x0000001c9fb00000] [id=4224]
  0x00000209b77c1ab0 ConcurrentGCThread "G1 Refine#0" [stack: 0x0000001c9fb00000,0x0000001c9fc00000] [id=9656]
  0x00000209b77c25f0 ConcurrentGCThread "G1 Service" [stack: 0x0000001c9fc00000,0x0000001c9fd00000] [id=7996]

Threads with active compile tasks:
C2 CompilerThread0    15594  346       4       java.util.Properties::loadConvert (540 bytes)

VM state: not at safepoint (normal execution)

VM Mutex/Monitor currently owned by a thread:  ([mutex/lock_event])
[0x00000209b7745c70] Metaspace_lock - owner thread: 0x00000209b774b200

Heap address: 0x00000000e1c00000, size: 484 MB, Compressed Oops mode: 32-bit

CDS archive(s) not mapped
Compressed class space mapped at: 0x0000000100000000-0x0000000140000000, reserved size: 1073741824
Narrow klass base: 0x0000000000000000, Narrow klass shift: 3, Narrow klass range: 0x140000000

GC Precious Log:
 CardTable entry size: 512
 Card Set container configuration: InlinePtr #cards 5 size 8 Array Of Cards #cards 12 size 40 Howl #buckets 4 coarsen threshold 1843 Howl Bitmap #cards 512 size 80 coarsen threshold 460 Card regions per heap region 1 cards per card region 2048
 CPUs: 4 total, 4 available
 Memory: 1930M
 Large Page Support: Disabled
 NUMA Support: Disabled
 Compressed Oops: Enabled (32-bit)
 Heap Region Size: 1M
 Heap Min Capacity: 8M
 Heap Initial Capacity: 32M
 Heap Max Capacity: 484M
 Pre-touch: Disabled
 Parallel Workers: 4
 Concurrent Workers: 1
 Concurrent Refinement Workers: 4
 Periodic GC: Disabled

Heap:
 garbage-first heap   total 32768K, used 4096K [0x00000000e1c00000, 0x0000000100000000)
  region size 1024K, 5 young (5120K), 0 survivors (0K)
 Metaspace       used 8608K, committed 8704K, reserved 1114112K
  class space    used 706K, committed 768K, reserved 1048576K

Heap Regions: E=young(eden), S=young(survivor), O=old, HS=humongous(starts), HC=humongous(continues), CS=collection set, F=free, OA=open archive, CA=closed archive, TAMS=top-at-mark-start (previous, next)
|   0|0x00000000e1c00000, 0x00000000e1c00000, 0x00000000e1d00000|  0%| F|  |TAMS 0x00000000e1c00000, 0x00000000e1c00000| Untracked 
|   1|0x00000000e1d00000, 0x00000000e1d00000, 0x00000000e1e00000|  0%| F|  |TAMS 0x00000000e1d00000, 0x00000000e1d00000| Untracked 
|   2|0x00000000e1e00000, 0x00000000e1e00000, 0x00000000e1f00000|  0%| F|  |TAMS 0x00000000e1e00000, 0x00000000e1e00000| Untracked 
|   3|0x00000000e1f00000, 0x00000000e1f00000, 0x00000000e2000000|  0%| F|  |TAMS 0x00000000e1f00000, 0x00000000e1f00000| Untracked 
|   4|0x00000000e2000000, 0x00000000e2000000, 0x00000000e2100000|  0%| F|  |TAMS 0x00000000e2000000, 0x00000000e2000000| Untracked 
|   5|0x00000000e2100000, 0x00000000e2100000, 0x00000000e2200000|  0%| F|  |TAMS 0x00000000e2100000, 0x00000000e2100000| Untracked 
|   6|0x00000000e2200000, 0x00000000e2200000, 0x00000000e2300000|  0%| F|  |TAMS 0x00000000e2200000, 0x00000000e2200000| Untracked 
|   7|0x00000000e2300000, 0x00000000e2300000, 0x00000000e2400000|  0%| F|  |TAMS 0x00000000e2300000, 0x00000000e2300000| Untracked 
|   8|0x00000000e2400000, 0x00000000e2400000, 0x00000000e2500000|  0%| F|  |TAMS 0x00000000e2400000, 0x00000000e2400000| Untracked 
|   9|0x00000000e2500000, 0x00000000e2500000, 0x00000000e2600000|  0%| F|  |TAMS 0x00000000e2500000, 0x00000000e2500000| Untracked 
|  10|0x00000000e2600000, 0x00000000e2600000, 0x00000000e2700000|  0%| F|  |TAMS 0x00000000e2600000, 0x00000000e2600000| Untracked 
|  11|0x00000000e2700000, 0x00000000e2700000, 0x00000000e2800000|  0%| F|  |TAMS 0x00000000e2700000, 0x00000000e2700000| Untracked 
|  12|0x00000000e2800000, 0x00000000e2800000, 0x00000000e2900000|  0%| F|  |TAMS 0x00000000e2800000, 0x00000000e2800000| Untracked 
|  13|0x00000000e2900000, 0x00000000e2900000, 0x00000000e2a00000|  0%| F|  |TAMS 0x00000000e2900000, 0x00000000e2900000| Untracked 
|  14|0x00000000e2a00000, 0x00000000e2a00000, 0x00000000e2b00000|  0%| F|  |TAMS 0x00000000e2a00000, 0x00000000e2a00000| Untracked 
|  15|0x00000000e2b00000, 0x00000000e2b00000, 0x00000000e2c00000|  0%| F|  |TAMS 0x00000000e2b00000, 0x00000000e2b00000| Untracked 
|  16|0x00000000e2c00000, 0x00000000e2c00000, 0x00000000e2d00000|  0%| F|  |TAMS 0x00000000e2c00000, 0x00000000e2c00000| Untracked 
|  17|0x00000000e2d00000, 0x00000000e2d00000, 0x00000000e2e00000|  0%| F|  |TAMS 0x00000000e2d00000, 0x00000000e2d00000| Untracked 
|  18|0x00000000e2e00000, 0x00000000e2e00000, 0x00000000e2f00000|  0%| F|  |TAMS 0x00000000e2e00000, 0x00000000e2e00000| Untracked 
|  19|0x00000000e2f00000, 0x00000000e2f00000, 0x00000000e3000000|  0%| F|  |TAMS 0x00000000e2f00000, 0x00000000e2f00000| Untracked 
|  20|0x00000000e3000000, 0x00000000e3000000, 0x00000000e3100000|  0%| F|  |TAMS 0x00000000e3000000, 0x00000000e3000000| Untracked 
|  21|0x00000000e3100000, 0x00000000e3100000, 0x00000000e3200000|  0%| F|  |TAMS 0x00000000e3100000, 0x00000000e3100000| Untracked 
|  22|0x00000000e3200000, 0x00000000e3200000, 0x00000000e3300000|  0%| F|  |TAMS 0x00000000e3200000, 0x00000000e3200000| Untracked 
|  23|0x00000000e3300000, 0x00000000e3300000, 0x00000000e3400000|  0%| F|  |TAMS 0x00000000e3300000, 0x00000000e3300000| Untracked 
|  24|0x00000000e3400000, 0x00000000e3400000, 0x00000000e3500000|  0%| F|  |TAMS 0x00000000e3400000, 0x00000000e3400000| Untracked 
|  25|0x00000000e3500000, 0x00000000e3500000, 0x00000000e3600000|  0%| F|  |TAMS 0x00000000e3500000, 0x00000000e3500000| Untracked 
|  26|0x00000000e3600000, 0x00000000e3600000, 0x00000000e3700000|  0%| F|  |TAMS 0x00000000e3600000, 0x00000000e3600000| Untracked 
|  27|0x00000000e3700000, 0x00000000e3743500, 0x00000000e3800000| 26%| E|  |TAMS 0x00000000e3700000, 0x00000000e3700000| Complete 
|  28|0x00000000e3800000, 0x00000000e3900000, 0x00000000e3900000|100%| E|CS|TAMS 0x00000000e3800000, 0x00000000e3800000| Complete 
|  29|0x00000000e3900000, 0x00000000e3a00000, 0x00000000e3a00000|100%| E|CS|TAMS 0x00000000e3900000, 0x00000000e3900000| Complete 
|  30|0x00000000e3a00000, 0x00000000e3b00000, 0x00000000e3b00000|100%| E|CS|TAMS 0x00000000e3a00000, 0x00000000e3a00000| Complete 
|  31|0x00000000e3b00000, 0x00000000e3c00000, 0x00000000e3c00000|100%| E|CS|TAMS 0x00000000e3b00000, 0x00000000e3b00000| Complete 

Card table byte_map: [0x00000209ca080000,0x00000209ca180000] _byte_map_base: 0x00000209c9972000

Marking Bits (Prev, Next): (CMBitMap*) 0x00000209b777e400, (CMBitMap*) 0x00000209b777e440
 Prev Bits: [0x00000209ca280000, 0x00000209caa10000)
 Next Bits: [0x00000209caa10000, 0x00000209cb1a0000)

Polling page: 0x00000209b55e0000

Metaspace:

Usage:
  Non-class:      7.72 MB used.
      Class:    706.68 KB used.
       Both:      8.41 MB used.

Virtual space:
  Non-class space:       64.00 MB reserved,       7.75 MB ( 12%) committed,  1 nodes.
      Class space:        1.00 GB reserved,     768.00 KB ( <1%) committed,  1 nodes.
             Both:        1.06 GB reserved,       8.50 MB ( <1%) committed. 

Chunk freelists:
   Non-Class:  4.00 KB
       Class:  3.21 MB
        Both:  3.22 MB

MaxMetaspaceSize: unlimited
CompressedClassSpaceSize: 1.00 GB
Initial GC threshold: 21.00 MB
Current GC threshold: 21.00 MB
CDS: off
MetaspaceReclaimPolicy: balanced
 - commit_granule_bytes: 65536.
 - commit_granule_words: 8192.
 - virtual_space_node_default_size: 8388608.
 - enlarge_chunks_in_place: 1.
 - new_chunks_are_fully_committed: 0.
 - uncommit_free_chunks: 1.
 - use_allocation_guard: 0.


Internal statistics:

num_allocs_failed_limit: 0.
num_arena_births: 42.
num_arena_deaths: 0.
num_vsnodes_births: 2.
num_vsnodes_deaths: 0.
num_space_committed: 136.
num_space_uncommitted: 0.
num_chunks_returned_to_freelist: 0.
num_chunks_taken_from_freelist: 83.
num_chunk_merges: 0.
num_chunk_splits: 44.
num_chunks_enlarged: 27.
num_inconsistent_stats: 0.

CodeHeap 'non-profiled nmethods': size=120000Kb used=118Kb max_used=118Kb free=119881Kb
 bounds [0x00000209c2b50000, 0x00000209c2dc0000, 0x00000209ca080000]
CodeHeap 'profiled nmethods': size=120000Kb used=502Kb max_used=502Kb free=119497Kb
 bounds [0x00000209bb080000, 0x00000209bb2f0000, 0x00000209c25b0000]
CodeHeap 'non-nmethods': size=5760Kb used=1231Kb max_used=1248Kb free=4528Kb
 bounds [0x00000209c25b0000, 0x00000209c2820000, 0x00000209c2b50000]
 total_blobs=824 nmethods=384 adapters=352
 compilation: enabled
              stopped_count=0, restarted_count=0
 full_count=0

Compilation events (20 events):
Event: 15.441 Thread 0x00000209cd78bcb0  377       3       java.lang.Class::getName (18 bytes)
Event: 15.441 Thread 0x00000209cd78bcb0 nmethod 377 0x00000209bb0f8510 code [0x00000209bb0f86c0, 0x00000209bb0f8848]
Event: 15.442 Thread 0x00000209cd78bcb0  378   !   3       java.lang.invoke.MemberName::getMethodType (211 bytes)
Event: 15.444 Thread 0x00000209cd78bcb0 nmethod 378 0x00000209bb0f8910 code [0x00000209bb0f8be0, 0x00000209bb0fa038]
Event: 15.444 Thread 0x00000209cd78bcb0  379       3       java.lang.invoke.LambdaForm::forceInterpretation (14 bytes)
Event: 15.445 Thread 0x00000209cd78bcb0 nmethod 379 0x00000209bb0fa590 code [0x00000209bb0fa720, 0x00000209bb0fa898]
Event: 15.445 Thread 0x00000209cd78bcb0  381   !   3       java.lang.invoke.MemberName$Factory::resolve (159 bytes)
Event: 15.446 Thread 0x00000209cd78bcb0 nmethod 381 0x00000209bb0fa910 code [0x00000209bb0fab40, 0x00000209bb0fb228]
Event: 15.446 Thread 0x00000209cd78bcb0  383       3       java.lang.String::<init> (99 bytes)
Event: 15.447 Thread 0x00000209cd78bcb0 nmethod 383 0x00000209bb0fb510 code [0x00000209bb0fb720, 0x00000209bb0fbd58]
Event: 15.447 Thread 0x00000209cd78bcb0  380       3       java.lang.invoke.LambdaForm::parameterType (9 bytes)
Event: 15.448 Thread 0x00000209cd78bcb0 nmethod 380 0x00000209bb0fbf10 code [0x00000209bb0fc0c0, 0x00000209bb0fc208]
Event: 15.448 Thread 0x00000209cd78bcb0  385       3       java.lang.invoke.MemberName::getInvocationType (56 bytes)
Event: 15.449 Thread 0x00000209cd78bcb0 nmethod 385 0x00000209bb0fc310 code [0x00000209bb0fc540, 0x00000209bb0fce48]
Event: 15.449 Thread 0x00000209cd78bcb0  387       3       jdk.internal.org.objectweb.asm.ClassReader::readUnsignedShort (26 bytes)
Event: 15.450 Thread 0x00000209cd78bcb0 nmethod 387 0x00000209bb0fd110 code [0x00000209bb0fd2c0, 0x00000209bb0fd438]
Event: 15.450 Thread 0x00000209cd78bcb0  386       3       java.lang.invoke.MethodHandles$Lookup::lookupClassOrNull (17 bytes)
Event: 15.450 Thread 0x00000209cd78bcb0 nmethod 386 0x00000209bb0fd510 code [0x00000209bb0fd6c0, 0x00000209bb0fd858]
Event: 15.450 Thread 0x00000209cd7b8630 nmethod 351% 0x00000209c2b6b490 code [0x00000209c2b6b680, 0x00000209c2b6c368]
Event: 15.451 Thread 0x00000209cd7b8630  349 %     4       java.lang.StringLatin1::inflate @ 3 (34 bytes)

GC Heap History (0 events):
No events

Dll operation events (6 events):
Event: 0.056 Loaded shared library C:\Users\Dell\.p2\pool\plugins\org.eclipse.justj.openjdk.hotspot.jre.full.win32.x86_64_19.0.1.v20221102-1007\jre\bin\java.dll
Event: 0.083 Loaded shared library C:\Users\Dell\.p2\pool\plugins\org.eclipse.justj.openjdk.hotspot.jre.full.win32.x86_64_19.0.1.v20221102-1007\jre\bin\zip.dll
Event: 0.546 Loaded shared library C:\Users\Dell\.p2\pool\plugins\org.eclipse.justj.openjdk.hotspot.jre.full.win32.x86_64_19.0.1.v20221102-1007\jre\bin\jimage.dll
Event: 0.705 Loaded shared library C:\Users\Dell\.p2\pool\plugins\org.eclipse.justj.openjdk.hotspot.jre.full.win32.x86_64_19.0.1.v20221102-1007\jre\bin\zip.dll
Event: 15.006 Loaded shared library C:\Users\Dell\.p2\pool\plugins\org.eclipse.justj.openjdk.hotspot.jre.full.win32.x86_64_19.0.1.v20221102-1007\jre\bin\net.dll
Event: 15.022 Loaded shared library C:\Users\Dell\.p2\pool\plugins\org.eclipse.justj.openjdk.hotspot.jre.full.win32.x86_64_19.0.1.v20221102-1007\jre\bin\nio.dll

Deoptimization events (0 events):
No events

Classes loaded (20 events):
Event: 15.424 Loading class jdk/internal/math/MathUtils
Event: 15.426 Loading class jdk/internal/math/MathUtils done
Event: 15.427 Loading class java/math/MathContext
Event: 15.427 Loading class java/math/MathContext done
Event: 15.427 Loading class java/math/RoundingMode
Event: 15.427 Loading class java/math/RoundingMode done
Event: 15.434 Loading class java/util/Collections$UnmodifiableMap$UnmodifiableEntrySet
Event: 15.434 Loading class java/util/Collections$UnmodifiableMap$UnmodifiableEntrySet done
Event: 15.434 Loading class java/util/Collections$UnmodifiableMap$UnmodifiableEntrySet$UnmodifiableEntrySetSpliterator
Event: 15.434 Loading class java/util/Collections$UnmodifiableMap$UnmodifiableEntrySet$UnmodifiableEntrySetSpliterator done
Event: 15.434 Loading class java/util/HashMap$EntrySpliterator
Event: 15.435 Loading class java/util/HashMap$EntrySpliterator done
Event: 15.437 Loading class java/lang/invoke/DirectMethodHandle$Special
Event: 15.437 Loading class java/lang/invoke/DirectMethodHandle$Special done
Event: 15.444 Loading class java/util/ArrayList$ArrayListSpliterator
Event: 15.444 Loading class java/util/ArrayList$ArrayListSpliterator done
Event: 15.448 Loading class java/util/stream/ForEachOps
Event: 15.449 Loading class java/util/stream/ForEachOps done
Event: 15.449 Loading class java/util/stream/ForEachOps$ForEachOp$OfRef
Event: 15.450 Loading class java/util/stream/ForEachOps$ForEachOp

Classes unloaded (0 events):
No events

Classes redefined (0 events):
No events

Internal exceptions (5 events):
Event: 15.327 Thread 0x00000209b774b200 Exception <a 'java/lang/NoSuchMethodError'{0x00000000e3815910}: 'java.lang.Object java.lang.invoke.DirectMethodHandle$Holder.invokeStaticInit(java.lang.Object)'> (0x00000000e3815910) 
thrown [s\src\hotspot\share\interpreter\linkResolver.cpp, line 774]
Event: 15.351 Thread 0x00000209b774b200 Exception <a 'java/lang/NoSuchMethodError'{0x00000000e38402b8}: 'java.lang.Object java.lang.invoke.DirectMethodHandle$Holder.invokeInterface(java.lang.Object, java.lang.Object)'> (0x00000000e38402b8) 
thrown [s\src\hotspot\share\interpreter\linkResolver.cpp, line 774]
Event: 15.436 Thread 0x00000209b774b200 Exception <a 'java/lang/NoSuchMethodError'{0x00000000e38fe448}: 'void java.lang.invoke.DirectMethodHandle$Holder.invokeSpecial(java.lang.Object, java.lang.Object, java.lang.Object)'> (0x00000000e38fe448) 
thrown [s\src\hotspot\share\interpreter\linkResolver.cpp, line 774]
Event: 15.439 Thread 0x00000209b774b200 Exception <a 'java/lang/NoSuchMethodError'{0x00000000e3705490}: 'void java.lang.invoke.DirectMethodHandle$Holder.invokeStatic(java.lang.Object, java.lang.Object, java.lang.Object)'> (0x00000000e3705490) 
thrown [s\src\hotspot\share\interpreter\linkResolver.cpp, line 774]
Event: 15.445 Thread 0x00000209b774b200 Exception <a 'java/lang/NoSuchMethodError'{0x00000000e370f708}: 'java.lang.Object java.lang.invoke.DirectMethodHandle$Holder.invokeVirtual(java.lang.Object, java.lang.Object, java.lang.Object)'> (0x00000000e370f708) 
thrown [s\src\hotspot\share\interpreter\linkResolver.cpp, line 774]

VM Operations (10 events):
Event: 1.176 Executing VM operation: Cleanup
Event: 1.176 Executing VM operation: Cleanup done
Event: 15.049 Executing VM operation: HandshakeAllThreads
Event: 15.049 Executing VM operation: HandshakeAllThreads done
Event: 15.107 Executing VM operation: HandshakeAllThreads
Event: 15.107 Executing VM operation: HandshakeAllThreads done
Event: 15.107 Executing VM operation: Cleanup
Event: 15.107 Executing VM operation: Cleanup done
Event: 15.413 Executing VM operation: HandshakeAllThreads
Event: 15.413 Executing VM operation: HandshakeAllThreads done

Events (13 events):
Event: 0.161 Thread 0x00000209b774b200 Thread added: 0x00000209b774b200
Event: 0.278 Thread 0x00000209cd784860 Thread added: 0x00000209cd784860
Event: 0.279 Thread 0x00000209cd787a80 Thread added: 0x00000209cd787a80
Event: 0.283 Thread 0x00000209cd79a4b0 Thread added: 0x00000209cd79a4b0
Event: 0.284 Thread 0x00000209cd79ade0 Thread added: 0x00000209cd79ade0
Event: 0.284 Thread 0x00000209cd79b710 Thread added: 0x00000209cd79b710
Event: 0.284 Thread 0x00000209cd7b5f50 Thread added: 0x00000209cd7b5f50
Event: 0.285 Thread 0x00000209cd7b8630 Thread added: 0x00000209cd7b8630
Event: 0.285 Thread 0x00000209cd78bcb0 Thread added: 0x00000209cd78bcb0
Event: 0.285 Thread 0x00000209cd78ce00 Thread added: 0x00000209cd78ce00
Event: 0.437 Thread 0x00000209d1a407c0 Thread added: 0x00000209d1a407c0
Event: 0.474 Thread 0x00000209d1a5d420 Thread added: 0x00000209d1a5d420
Event: 15.133 Thread 0x00000209d1b38040 Thread added: 0x00000209d1b38040


Dynamic libraries:
0x00007ff75cc40000 - 0x00007ff75cc4e000 	C:\Users\Dell\.p2\pool\plugins\org.eclipse.justj.openjdk.hotspot.jre.full.win32.x86_64_19.0.1.v20221102-1007\jre\bin\javaw.exe
0x00007fff70d70000 - 0x00007fff70f68000 	C:\WINDOWS\SYSTEM32\ntdll.dll
0x00007fff6ef10000 - 0x00007fff6efcf000 	C:\WINDOWS\System32\KERNEL32.DLL
0x00007fff6e740000 - 0x00007fff6ea12000 	C:\WINDOWS\System32\KERNELBASE.dll
0x00007fff6ec20000 - 0x00007fff6ed20000 	C:\WINDOWS\System32\ucrtbase.dll
0x00007fff641e0000 - 0x00007fff641f9000 	C:\Users\Dell\.p2\pool\plugins\org.eclipse.justj.openjdk.hotspot.jre.full.win32.x86_64_19.0.1.v20221102-1007\jre\bin\VCRUNTIME140.dll
0x00007fff66f20000 - 0x00007fff66f37000 	C:\Users\Dell\.p2\pool\plugins\org.eclipse.justj.openjdk.hotspot.jre.full.win32.x86_64_19.0.1.v20221102-1007\jre\bin\jli.dll
0x00007fff70520000 - 0x00007fff706c1000 	C:\WINDOWS\System32\USER32.dll
0x00007fff63a60000 - 0x00007fff63cfa000 	C:\WINDOWS\WinSxS\amd64_microsoft.windows.common-controls_6595b64144ccf1df_6.0.19041.1110_none_60b5254171f9507e\COMCTL32.dll
0x00007fff6e650000 - 0x00007fff6e672000 	C:\WINDOWS\System32\win32u.dll
0x00007fff6f9f0000 - 0x00007fff6fa1b000 	C:\WINDOWS\System32\GDI32.dll
0x00007fff6f950000 - 0x00007fff6f9ee000 	C:\WINDOWS\System32\msvcrt.dll
0x00007fff6e540000 - 0x00007fff6e64f000 	C:\WINDOWS\System32\gdi32full.dll
0x00007fff6eb80000 - 0x00007fff6ec1d000 	C:\WINDOWS\System32\msvcp_win.dll
0x00007fff6fa20000 - 0x00007fff6fa52000 	C:\WINDOWS\System32\IMM32.DLL
0x00007fff67340000 - 0x00007fff6734c000 	C:\Users\Dell\.p2\pool\plugins\org.eclipse.justj.openjdk.hotspot.jre.full.win32.x86_64_19.0.1.v20221102-1007\jre\bin\vcruntime140_1.dll
0x00007fff57170000 - 0x00007fff57201000 	C:\Users\Dell\.p2\pool\plugins\org.eclipse.justj.openjdk.hotspot.jre.full.win32.x86_64_19.0.1.v20221102-1007\jre\bin\msvcp140.dll
0x00007fff2e630000 - 0x00007fff2f337000 	C:\Users\Dell\.p2\pool\plugins\org.eclipse.justj.openjdk.hotspot.jre.full.win32.x86_64_19.0.1.v20221102-1007\jre\bin\server\jvm.dll
0x00007fff6f4f0000 - 0x00007fff6f59e000 	C:\WINDOWS\System32\ADVAPI32.dll
0x00007fff70480000 - 0x00007fff7051c000 	C:\WINDOWS\System32\sechost.dll
0x00007fff702f0000 - 0x00007fff70415000 	C:\WINDOWS\System32\RPCRT4.dll
0x00007fff603e0000 - 0x00007fff603ea000 	C:\WINDOWS\SYSTEM32\VERSION.dll
0x00007fff693a0000 - 0x00007fff693a9000 	C:\WINDOWS\SYSTEM32\WSOCK32.dll
0x00007fff6ee40000 - 0x00007fff6eeab000 	C:\WINDOWS\System32\WS2_32.dll
0x00007fff69190000 - 0x00007fff691b7000 	C:\WINDOWS\SYSTEM32\WINMM.dll
0x00007fff6c2a0000 - 0x00007fff6c2b2000 	C:\WINDOWS\SYSTEM32\kernel.appcore.dll
0x00007fff69060000 - 0x00007fff6906a000 	C:\Users\Dell\.p2\pool\plugins\org.eclipse.justj.openjdk.hotspot.jre.full.win32.x86_64_19.0.1.v20221102-1007\jre\bin\jimage.dll
0x00007fff5cae0000 - 0x00007fff5ccc4000 	C:\WINDOWS\SYSTEM32\DBGHELP.DLL
0x00007fff5c4a0000 - 0x00007fff5c4d5000 	C:\WINDOWS\SYSTEM32\dbgcore.DLL
0x00007fff6e680000 - 0x00007fff6e702000 	C:\WINDOWS\System32\bcryptPrimitives.dll
0x00007fff64450000 - 0x00007fff64476000 	C:\Users\Dell\.p2\pool\plugins\org.eclipse.justj.openjdk.hotspot.jre.full.win32.x86_64_19.0.1.v20221102-1007\jre\bin\java.dll
0x00007fff65850000 - 0x00007fff65868000 	C:\Users\Dell\.p2\pool\plugins\org.eclipse.justj.openjdk.hotspot.jre.full.win32.x86_64_19.0.1.v20221102-1007\jre\bin\zip.dll
0x00007fff6fa60000 - 0x00007fff701a5000 	C:\WINDOWS\System32\SHELL32.dll
0x00007fff6c5b0000 - 0x00007fff6cd42000 	C:\WINDOWS\SYSTEM32\windows.storage.dll
0x00007fff6f040000 - 0x00007fff6f395000 	C:\WINDOWS\System32\combase.dll
0x00007fff6de70000 - 0x00007fff6dea0000 	C:\WINDOWS\SYSTEM32\Wldp.dll
0x00007fff70ba0000 - 0x00007fff70c4d000 	C:\WINDOWS\System32\SHCORE.dll
0x00007fff70420000 - 0x00007fff70475000 	C:\WINDOWS\System32\shlwapi.dll
0x00007fff6e430000 - 0x00007fff6e44f000 	C:\WINDOWS\SYSTEM32\profapi.dll
0x00007fff64430000 - 0x00007fff64443000 	C:\Users\Dell\.p2\pool\plugins\org.eclipse.justj.openjdk.hotspot.jre.full.win32.x86_64_19.0.1.v20221102-1007\jre\bin\net.dll
0x00007fff65370000 - 0x00007fff6547c000 	C:\WINDOWS\SYSTEM32\WINHTTP.dll
0x00007fff6dbd0000 - 0x00007fff6dc3a000 	C:\WINDOWS\system32\mswsock.dll
0x00007fff64410000 - 0x00007fff64426000 	C:\Users\Dell\.p2\pool\plugins\org.eclipse.justj.openjdk.hotspot.jre.full.win32.x86_64_19.0.1.v20221102-1007\jre\bin\nio.dll

dbghelp: loaded successfully - version: 4.0.5 - missing functions: none
symbol engine: initialized successfully - sym options: 0x614 - pdb path: .;C:\Users\Dell\.p2\pool\plugins\org.eclipse.justj.openjdk.hotspot.jre.full.win32.x86_64_19.0.1.v20221102-1007\jre\bin;C:\WINDOWS\SYSTEM32;C:\WINDOWS\WinSxS\amd64_microsoft.windows.common-controls_6595b64144ccf1df_6.0.19041.1110_none_60b5254171f9507e;C:\Users\Dell\.p2\pool\plugins\org.eclipse.justj.openjdk.hotspot.jre.full.win32.x86_64_19.0.1.v20221102-1007\jre\bin\server

VM Arguments:
jvm_args: -Dfile.encoding=UTF-8 -XX:+ShowCodeDetailsInExceptionMessages 
java_command: com.test.SMS_Operation
java_class_path (initial): C:\Users\Dell\eclipse-workspace\SMS_Application\SMS_Application\bin;C:\Users\Dell\Downloads\mysql-connector-j-8.0.31\mysql-connector-j-8.0.31\mysql-connector-j-8.0.31.jar
Launcher Type: SUN_STANDARD

[Global flags]
     intx CICompilerCount                          = 3                                         {product} {ergonomic}
     uint ConcGCThreads                            = 1                                         {product} {ergonomic}
     uint G1ConcRefinementThreads                  = 4                                         {product} {ergonomic}
   size_t G1HeapRegionSize                         = 1048576                                   {product} {ergonomic}
    uintx GCDrainStackTargetSize                   = 64                                        {product} {ergonomic}
   size_t InitialHeapSize                          = 33554432                                  {product} {ergonomic}
   size_t MarkStackSize                            = 4194304                                   {product} {ergonomic}
   size_t MaxHeapSize                              = 507510784                                 {product} {ergonomic}
   size_t MaxNewSize                               = 304087040                                 {product} {ergonomic}
   size_t MinHeapDeltaBytes                        = 1048576                                   {product} {ergonomic}
   size_t MinHeapSize                              = 8388608                                   {product} {ergonomic}
    uintx NonNMethodCodeHeapSize                   = 5832780                                {pd product} {ergonomic}
    uintx NonProfiledCodeHeapSize                  = 122912730                              {pd product} {ergonomic}
    uintx ProfiledCodeHeapSize                     = 122912730                              {pd product} {ergonomic}
    uintx ReservedCodeCacheSize                    = 251658240                              {pd product} {ergonomic}
     bool SegmentedCodeCache                       = true                                      {product} {ergonomic}
     bool ShowCodeDetailsInExceptionMessages       = true                                   {manageable} {command line}
   size_t SoftMaxHeapSize                          = 507510784                              {manageable} {ergonomic}
     bool UseCompressedClassPointers               = true                           {product lp64_product} {ergonomic}
     bool UseCompressedOops                        = true                           {product lp64_product} {ergonomic}
     bool UseG1GC                                  = true                                      {product} {ergonomic}
     bool UseLargePagesIndividualAllocation        = false                                  {pd product} {ergonomic}

Logging:
Log output configuration:
 #0: stdout all=warning uptime,level,tags foldmultilines=false
 #1: stderr all=off uptime,level,tags foldmultilines=false

Environment Variables:
JAVA_HOME=C:\Program Files\Java\jdk-19
PATH=C:/Users/Dell/.p2/pool/plugins/org.eclipse.justj.openjdk.hotspot.jre.full.win32.x86_64_19.0.1.v20221102-1007/jre/bin/server;C:/Users/Dell/.p2/pool/plugins/org.eclipse.justj.openjdk.hotspot.jre.full.win32.x86_64_19.0.1.v20221102-1007/jre/bin;C:\Program Files\Common Files\Oracle\Java\javapath;C:\WINDOWS\system32;C:\WINDOWS;C:\WINDOWS\System32\Wbem;C:\WINDOWS\System32\WindowsPowerShell\v1.0\;C:\Windows\IsmFiles;C:\WINDOWS\System32\OpenSSH\;C:\Program Files\Microsoft SQL Server\130\Tools\Binn\;C:\Program Files\Git\cmd;C:\apache-maven-3.9.0\bin;C:\Program Files\Java\jdk-19\bin;C:\Users\Dell\AppData\Local\Microsoft\WindowsApps;C:\Users\Dell\AppData\Local\Programs\Microsoft VS Code\bin;C:\WINDOWS\System32;
USERNAME=Dell
OS=Windows_NT
PROCESSOR_IDENTIFIER=Intel64 Family 6 Model 55 Stepping 8, GenuineIntel
TMP=C:\Users\Dell\AppData\Local\Temp
TEMP=C:\Users\Dell\AppData\Local\Temp



---------------  S Y S T E M  ---------------

OS:
 Windows 10 , 64 bit Build 19041 (10.0.19041.2546)
OS uptime: 0 days 23:40 hours

CPU: total 4 (initial active 4) (4 cores per cpu, 1 threads per core) family 6 model 55 stepping 8 microcode 0x838, cx8, cmov, fxsr, mmx, 3dnowpref, sse, sse2, sse3, ssse3, sse4.1, sse4.2, popcnt, tsc, tscinvbit, erms, clmul, clflush, rdtscp

Memory: 4k page, system-wide physical 1930M (343M free)
TotalPageFile size 7818M (AvailPageFile size 0M)
current process WorkingSet (physical memory assigned to process): 39M, peak: 39M
current process commit charge ("private bytes"): 101M, peak: 101M

vm_info: OpenJDK 64-Bit Server VM (19.0.1+10) for windows-amd64 JRE (19.0.1+10), built on 2022-10-18T00:00:00Z by "temurin" with MS VC++ 16.10 / 16.11 (VS2019)

END.
